0 info it worked if it ends with ok
1 verbose cli [ '/Users/simone/.nvm/versions/node/v7.4.0/bin/node',
1 verbose cli   '/Users/simone/.nvm/versions/node/v7.4.0/bin/npm',
1 verbose cli   'start' ]
2 info using npm@4.1.1
3 info using node@v7.4.0
4 verbose stack Error: missing script: start
4 verbose stack     at run (/Users/simone/.nvm/versions/node/v7.4.0/lib/node_modules/npm/lib/run-script.js:151:19)
4 verbose stack     at /Users/simone/.nvm/versions/node/v7.4.0/lib/node_modules/npm/lib/run-script.js:61:5
4 verbose stack     at /Users/simone/.nvm/versions/node/v7.4.0/lib/node_modules/npm/node_modules/read-package-json/read-json.js:356:5
4 verbose stack     at handleExists (/Users/simone/.nvm/versions/node/v7.4.0/lib/node_modules/npm/node_modules/read-package-json/read-json.js:329:20)
4 verbose stack     at FSReqWrap.cb [as oncomplete] (fs.js:240:19)
5 verbose cwd /Users/simone/Repos/Termly.js
6 error Darwin 15.6.0
7 error argv "/Users/simone/.nvm/versions/node/v7.4.0/bin/node" "/Users/simone/.nvm/versions/node/v7.4.0/bin/npm" "start"
8 error node v7.4.0
9 error npm  v4.1.1
10 error missing script: start
11 error If you need help, you may report this error at:
11 error     <https://github.com/npm/npm/issues>
12 verbose exit [ 1, true ]
